c:\users\newva\desktop\cs classes\461\pokerstats\debug\vc142.pdb
c:\users\newva\desktop\cs classes\461\pokerstats\debug\vc142.idb
c:\users\newva\desktop\cs classes\461\pokerstats\debug\main.obj
c:\users\newva\desktop\cs classes\461\pokerstats\debug\deck.obj
c:\users\newva\desktop\cs classes\461\pokerstats\debug\card.obj
c:\users\newva\desktop\cs classes\461\pokerstatsv2\pokerstats\debug\vc142.pdb
c:\users\newva\desktop\cs classes\461\pokerstatsv2\pokerstats\debug\vc142.idb
c:\users\newva\desktop\cs classes\461\pokerstatsv2\pokerstats\debug\main.obj
c:\users\newva\desktop\cs classes\461\pokerstatsv2\pokerstats\debug\deck.obj
c:\users\newva\desktop\cs classes\461\pokerstatsv2\pokerstats\debug\card.obj
c:\users\newva\desktop\cs classes\461\pokerstatsv2\pokerstats\debug\pokergame.obj
c:\users\newva\desktop\cs classes\461\pokerstatsv3\pokerstats\debug\vc142.pdb
c:\users\newva\desktop\cs classes\461\pokerstatsv3\pokerstats\debug\vc142.idb
c:\users\newva\desktop\cs classes\461\pokerstatsv3\pokerstats\debug\main.obj
c:\users\newva\desktop\cs classes\461\pokerstatsv3\pokerstats\debug\deck.obj
c:\users\newva\desktop\cs classes\461\pokerstatsv3\pokerstats\debug\card.obj
c:\users\newva\desktop\cs classes\461\pokerstatsv3\pokerstats\debug\pokergame.obj
c:\users\newva\desktop\cs classes\461\pokerstatsv4\pokerstats\debug\vc142.pdb
c:\users\newva\desktop\cs classes\461\pokerstatsv4\pokerstats\debug\vc142.idb
c:\users\newva\desktop\cs classes\461\pokerstatsv4\pokerstats\debug\pokergame.obj
c:\users\newva\desktop\cs classes\461\pokerstatsv4\pokerstats\debug\main.obj
c:\users\newva\desktop\cs classes\461\pokerstatsv4\pokerstats\debug\deck.obj
c:\users\newva\desktop\cs classes\461\pokerstatsv4\pokerstats\debug\card.obj
c:\users\newva\desktop\cs classes\461\pokerstats\debug\pokerstats.exe
c:\users\newva\desktop\cs classes\461\pokerstats\debug\pokerstats.ilk
c:\users\newva\desktop\cs classes\461\pokerstats\debug\pokerstats.pdb
c:\users\newva\desktop\cs classes\461\pokerstatsv2\pokerstats\debug\pokerstats.exe
c:\users\newva\desktop\cs classes\461\pokerstatsv2\pokerstats\debug\pokerstats.ilk
c:\users\newva\desktop\cs classes\461\pokerstatsv2\pokerstats\debug\pokerstats.pdb
c:\users\newva\desktop\cs classes\461\pokerstatsv3\pokerstats\debug\pokerstats.exe
c:\users\newva\desktop\cs classes\461\pokerstatsv3\pokerstats\debug\pokerstats.ilk
c:\users\newva\desktop\cs classes\461\pokerstatsv3\pokerstats\debug\pokerstats.pdb
c:\users\newva\desktop\cs classes\461\pokerstatsv4\pokerstats\debug\pokerstats.pdb
c:\users\newva\desktop\cs classes\461\pokerstatsv4\pokerstats\debug\pokerstats.tlog\cl.command.1.tlog
c:\users\newva\desktop\cs classes\461\pokerstatsv4\pokerstats\debug\pokerstats.tlog\cl.read.1.tlog
c:\users\newva\desktop\cs classes\461\pokerstatsv4\pokerstats\debug\pokerstats.tlog\cl.write.1.tlog
c:\users\newva\desktop\cs classes\461\pokerstatsv4\pokerstats\debug\pokerstats.tlog\link-cvtres.read.1.tlog
c:\users\newva\desktop\cs classes\461\pokerstatsv4\pokerstats\debug\pokerstats.tlog\link-cvtres.write.1.tlog
c:\users\newva\desktop\cs classes\461\pokerstatsv4\pokerstats\debug\pokerstats.tlog\link-rc.read.1.tlog
c:\users\newva\desktop\cs classes\461\pokerstatsv4\pokerstats\debug\pokerstats.tlog\link-rc.write.1.tlog
c:\users\newva\desktop\cs classes\461\pokerstatsv4\pokerstats\debug\pokerstats.tlog\link.45396-cvtres.read.1.tlog
c:\users\newva\desktop\cs classes\461\pokerstatsv4\pokerstats\debug\pokerstats.tlog\link.45396-cvtres.write.1.tlog
c:\users\newva\desktop\cs classes\461\pokerstatsv4\pokerstats\debug\pokerstats.tlog\link.45396-rc.read.1.tlog
c:\users\newva\desktop\cs classes\461\pokerstatsv4\pokerstats\debug\pokerstats.tlog\link.45396-rc.write.1.tlog
c:\users\newva\desktop\cs classes\461\pokerstatsv4\pokerstats\debug\pokerstats.tlog\link.45396.read.1.tlog
c:\users\newva\desktop\cs classes\461\pokerstatsv4\pokerstats\debug\pokerstats.tlog\link.45396.write.1.tlog
c:\users\newva\desktop\cs classes\461\pokerstatsv4\pokerstats\debug\pokerstats.tlog\link.command.1.tlog
c:\users\newva\desktop\cs classes\461\pokerstatsv4\pokerstats\debug\pokerstats.tlog\link.read.1.tlog
c:\users\newva\desktop\cs classes\461\pokerstatsv4\pokerstats\debug\pokerstats.tlog\link.write.1.tlog
